<?xml version="1.0" encoding="UTF-8"?>
<testsuite xmlns:xsi="http://www.w3.org/2001/XMLSchema-instance" xsi:noNamespaceSchemaLocation="https://maven.apache.org/surefire/maven-surefire-plugin/xsd/surefire-test-report.xsd" name="uts.unit.customerDAOTest" time="0.75" tests="3" errors="0" skipped="0" failures="0">
  <properties>
[...]
</properties>
  <testcase name="testAddCustomer" classname="uts.unit.customerDAOTest" time="0.098"/>
  <testcase name="testUpdateCustomer" classname="uts.unit.customerDAOTest" time="0.02"/>
  <testcase name="testDeleteCustomer" classname="uts.unit.customerDAOTest" time="0.016"/>
</testsuite>