<?xml version="1.0" encoding="UTF-8"?>
<testsuite xmlns:xsi="http://www.w3.org/2001/XMLSchema-instance" xsi:noNamespaceSchemaLocation="https://maven.apache.org/surefire/maven-surefire-plugin/xsd/surefire-test-report.xsd" name="uts.unit.DeviceDAOTest" time="0.112" tests="6" errors="1" skipped="0" failures="2">
  <properties>
[...]
</properties>
  <testcase name="testConnection" classname="uts.unit.DeviceDAOTest" time="0.001"/>
  <testcase name="testFindDevice" classname="uts.unit.DeviceDAOTest" time="0.016">
    <failure message="expected: not &lt;null&gt;" type="org.opentest4j.AssertionFailedError"><![CDATA[org.opentest4j.AssertionFailedError: expected: not <null>
	at uts.unit.DeviceDAOTest.testFindDevice(DeviceDAOTest.java:60)
]]></failure>
  </testcase>
  <testcase name="testListAllDevices" classname="uts.unit.DeviceDAOTest" time="0.005"/>
  <testcase name="testUpdateDevice" classname="uts.unit.DeviceDAOTest" time="0.002">
    <error message="Cannot invoke &quot;uts.isd.model.Device.getDeviceName()&quot; because &quot;device&quot; is null" type="java.lang.NullPointerException">java.lang.NullPointerException: Cannot invoke "uts.isd.model.Device.getDeviceName()" because "device" is null
	at uts.unit.DeviceDAOTest.testUpdateDevice(DeviceDAOTest.java:54)
</error>
  </testcase>
  <testcase name="testDeleteDevice" classname="uts.unit.DeviceDAOTest" time="0.007">
    <failure message="expected: &lt;19&gt; but was: &lt;20&gt;" type="org.opentest4j.AssertionFailedError"><![CDATA[org.opentest4j.AssertionFailedError: expected: <19> but was: <20>
	at uts.unit.DeviceDAOTest.testDeleteDevice(DeviceDAOTest.java:69)
]]></failure>
    <system-out><![CDATA[Smartphone Alpha
Tablet Beta
Laptop Gamma
E-Reader Delta
Smartwatch Epsilon
Game Console Zeta
Portable Speaker Eta
Action Camera Theta
Smart Thermostat Iota
Fitness Tracker Kappa
Wireless Earphones Lambda
VR Headset Mu
Drone Nu
Digital Camera Xi
Robot Vacuum Omicron
3D Printer Pi
Smart Refrigerator Rho
Gaming Laptop Sigma
Smart Oven Tau
Home Security System Upsilon
Smartphone Alpha
Tablet Beta
Laptop Gamma
E-Reader Delta
Smartwatch Epsilon
Game Console Zeta
Portable Speaker Eta
Action Camera Theta
Smart Thermostat Iota
Fitness Tracker Kappa
Wireless Earphones Lambda
VR Headset Mu
Drone Nu
Digital Camera Xi
Robot Vacuum Omicron
3D Printer Pi
Smart Refrigerator Rho
Gaming Laptop Sigma
Smart Oven Tau
Home Security System Upsilon
]]></system-out>
  </testcase>
  <testcase name="testAddDevice" classname="uts.unit.DeviceDAOTest" time="0.008"/>
</testsuite>