<?xml version="1.0" encoding="UTF-8"?>
<testsuite xmlns:xsi="http://www.w3.org/2001/XMLSchema-instance" xsi:noNamespaceSchemaLocation="https://maven.apache.org/surefire/maven-surefire-plugin/xsd/surefire-test-report.xsd" name="uts.unit.PaymentDAOTest" time="0.121" tests="6" errors="0" skipped="0" failures="3">
  <properties>
[...]
</properties>
  <testcase name="testConnection" classname="uts.unit.PaymentDAOTest" time="0"/>
  <testcase name="testGetPayment" classname="uts.unit.PaymentDAOTest" time="0.009">
    <failure message="expected: not &lt;null&gt;" type="org.opentest4j.AssertionFailedError"><![CDATA[org.opentest4j.AssertionFailedError: expected: not <null>
	at uts.unit.PaymentDAOTest.testGetPayment(PaymentDAOTest.java:55)
]]></failure>
  </testcase>
  <testcase name="testUpdatePayment" classname="uts.unit.PaymentDAOTest" time="0.004">
    <failure message="expected: &lt;Updated Test Payment&gt; but was: &lt;William Johnson&gt;" type="org.opentest4j.AssertionFailedError"><![CDATA[org.opentest4j.AssertionFailedError: expected: <Updated Test Payment> but was: <William Johnson>
	at uts.unit.PaymentDAOTest.testUpdatePayment(PaymentDAOTest.java:49)
]]></failure>
  </testcase>
  <testcase name="testGetAllPayments" classname="uts.unit.PaymentDAOTest" time="0.003"/>
  <testcase name="testAddPayment" classname="uts.unit.PaymentDAOTest" time="0.008"/>
  <testcase name="testDeletePayment" classname="uts.unit.PaymentDAOTest" time="0.036">
    <failure message="expected: &lt;23&gt; but was: &lt;24&gt;" type="org.opentest4j.AssertionFailedError"><![CDATA[org.opentest4j.AssertionFailedError: expected: <23> but was: <24>
	at uts.unit.PaymentDAOTest.testDeletePayment(PaymentDAOTest.java:64)
]]></failure>
    <system-out><![CDATA[John Doe
Jane Smith
Alice Johnson
Bob Brown
Emily Davis
Michael Wilson
Sarah Garcia
David Martinez
Olivia Rodriguez
Ethan Lopez
Mia Perez
James Gonzalez
Ava Hernandez
Benjamin Smith
Charlotte Brown
William Johnson
Amelia Davis
Oliver Wilson
Sophia Garcia
Lucas Martinez
aryan
aryan
aryan
aryan
John Doe
Jane Smith
Alice Johnson
Bob Brown
Emily Davis
Michael Wilson
Sarah Garcia
David Martinez
Olivia Rodriguez
Ethan Lopez
Mia Perez
James Gonzalez
Ava Hernandez
Benjamin Smith
Charlotte Brown
William Johnson
Amelia Davis
Oliver Wilson
Sophia Garcia
Lucas Martinez
aryan
aryan
aryan
aryan
]]></system-out>
  </testcase>
</testsuite>